<?xml version="1.0" encoding="UTF-8"?>
<urlset xmlns="http://www.sitemaps.org/schemas/sitemap/0.9">
  <url>
    <loc>https://example.com/</loc>
    <lastmod>2023-01-01T00:00:00+00:00</lastmod>
    <changefreq>monthly</changefreq>
    <priority>1.0</priority>
  </url>
  <url>
    <loc>https://example.com/page1</loc>
    <lastmod>2023-01-02T00:00:00+00:00</lastmod>
    <changefreq>weekly</changefreq>
    <priority>0.8</priority>
  </url>
  <url>
    <loc>https://example.com/page2</loc>
    <lastmod>2023-01-03T00:00:00+00:00</lastmod>
    <changefreq>weekly</changefreq>
    <priority>0.8</priority>
  </url>
</urlset>